This is XeTeX, Version 3.141592653-2.6-0.999997 (TeX Live 2025) (preloaded format=xelatex)
 restricted \write18 enabled.
entering extended mode
(./main.tex
LaTeX2e <2024-11-01> patch level 2
L3 programming layer <2025-01-18>
(./Handout.cls (c:/texlive/2025/texmf-dist/tex/latex/base/article.cls
Document Class: article 2024/06/29 v1.4n Standard LaTeX document class
(c:/texlive/2025/texmf-dist/tex/latex/base/size10.clo))
(c:/texlive/2025/texmf-dist/tex/latex/graphics/graphicx.sty
(c:/texlive/2025/texmf-dist/tex/latex/graphics/keyval.sty)
(c:/texlive/2025/texmf-dist/tex/latex/graphics/graphics.sty
(c:/texlive/2025/texmf-dist/tex/latex/graphics/trig.sty)
(c:/texlive/2025/texmf-dist/tex/latex/graphics-cfg/graphics.cfg)
(c:/texlive/2025/texmf-dist/tex/latex/graphics-def/xetex.def)))
(c:/texlive/2025/texmf-dist/tex/latex/fancyhdr/fancyhdr.sty)
(c:/texlive/2025/texmf-dist/tex/latex/tools/tabularx.sty
(c:/texlive/2025/texmf-dist/tex/latex/tools/array.sty))
(c:/texlive/2025/texmf-dist/tex/latex/tools/longtable.sty)
(c:/texlive/2025/texmf-dist/tex/latex/geometry/geometry.sty
(c:/texlive/2025/texmf-dist/tex/generic/iftex/ifvtex.sty
(c:/texlive/2025/texmf-dist/tex/generic/iftex/iftex.sty)))
(c:/texlive/2025/texmf-dist/tex/latex/fontspec/fontspec.sty
(c:/texlive/2025/texmf-dist/tex/latex/l3packages/xparse/xparse.sty
(c:/texlive/2025/texmf-dist/tex/latex/l3kernel/expl3.sty
(c:/texlive/2025/texmf-dist/tex/latex/l3backend/l3backend-xetex.def)))
(c:/texlive/2025/texmf-dist/tex/latex/fontspec/fontspec-xetex.sty
(c:/texlive/2025/texmf-dist/tex/latex/base/fontenc.sty)
(c:/texlive/2025/texmf-dist/tex/latex/fontspec/fontspec.cfg)))
(c:/texlive/2025/texmf-dist/tex/latex/tools/enumerate.sty)
(c:/texlive/2025/texmf-dist/tex/latex/amsfonts/amssymb.sty
(c:/texlive/2025/texmf-dist/tex/latex/amsfonts/amsfonts.sty)))
(c:/texlive/2025/texmf-dist/tex/latex/graphics/color.sty
(c:/texlive/2025/texmf-dist/tex/latex/graphics-cfg/color.cfg)
(c:/texlive/2025/texmf-dist/tex/latex/graphics/mathcolor.ltx))
(c:/texlive/2025/texmf-dist/tex/latex/xcolor/xcolor.sty
(c:/texlive/2025/texmf-dist/tex/latex/graphics-cfg/color.cfg)
(c:/texlive/2025/texmf-dist/tex/latex/graphics/mathcolor.ltx))
(c:/texlive/2025/texmf-dist/tex/generic/soul/soul.sty
(c:/texlive/2025/texmf-dist/tex/generic/soul/soul-ori.sty)
(c:/texlive/2025/texmf-dist/tex/generic/infwarerr/infwarerr.sty)
(c:/texlive/2025/texmf-dist/tex/generic/etexcmds/etexcmds.sty))
(c:/texlive/2025/texmf-dist/tex/latex/float/float.sty)
(c:/texlive/2025/texmf-dist/tex/latex/gensymb/gensymb.sty)
(c:/texlive/2025/texmf-dist/tex/latex/titling/titling.sty)
(c:/texlive/2025/texmf-dist/tex/latex/hyperref/hyperref.sty
(c:/texlive/2025/texmf-dist/tex/latex/kvsetkeys/kvsetkeys.sty)
(c:/texlive/2025/texmf-dist/tex/generic/kvdefinekeys/kvdefinekeys.sty)
(c:/texlive/2025/texmf-dist/tex/generic/pdfescape/pdfescape.sty
(c:/texlive/2025/texmf-dist/tex/generic/ltxcmds/ltxcmds.sty)
(c:/texlive/2025/texmf-dist/tex/generic/pdftexcmds/pdftexcmds.sty))
(c:/texlive/2025/texmf-dist/tex/latex/hycolor/hycolor.sty)
(c:/texlive/2025/texmf-dist/tex/latex/hyperref/nameref.sty
(c:/texlive/2025/texmf-dist/tex/latex/refcount/refcount.sty)
(c:/texlive/2025/texmf-dist/tex/generic/gettitlestring/gettitlestring.sty
(c:/texlive/2025/texmf-dist/tex/latex/kvoptions/kvoptions.sty)))
(c:/texlive/2025/texmf-dist/tex/latex/etoolbox/etoolbox.sty)
(c:/texlive/2025/texmf-dist/tex/generic/stringenc/stringenc.sty)
(c:/texlive/2025/texmf-dist/tex/latex/hyperref/pd1enc.def)
(c:/texlive/2025/texmf-dist/tex/generic/intcalc/intcalc.sty)
(c:/texlive/2025/texmf-dist/tex/latex/hyperref/puenc.def)
(c:/texlive/2025/texmf-dist/tex/latex/url/url.sty)
(c:/texlive/2025/texmf-dist/tex/generic/bitset/bitset.sty
(c:/texlive/2025/texmf-dist/tex/generic/bigintcalc/bigintcalc.sty))
(c:/texlive/2025/texmf-dist/tex/latex/base/atbegshi-ltx.sty))
(c:/texlive/2025/texmf-dist/tex/latex/hyperref/hxetex.def
(c:/texlive/2025/texmf-dist/tex/latex/rerunfilecheck/rerunfilecheck.sty
(c:/texlive/2025/texmf-dist/tex/latex/base/atveryend-ltx.sty)
(c:/texlive/2025/texmf-dist/tex/generic/uniquecounter/uniquecounter.sty)))
(c:/texlive/2025/texmf-dist/tex/latex/hyphenat/hyphenat.sty)
(./Resources/page/basic.tex) (./main.aux)
*geometry* driver: auto-detecting
*geometry* detected driver: xetex

Package gensymb Warning: Not defining \perthousand.


Package gensymb Warning: Not defining \micro.

(./main.out) (./main.out) (./Resources/page/output.tex
Overfull \hbox (0.7065pt too wide) in paragraph at lines 4--4
[]|\TU/TimesNewRoman(0)/m/n/10 Step| 

Overfull \hbox (12.8pt too wide) in alignment at lines 2--5
 [] [] [] 
(c:/texlive/2025/texmf-dist/tex/latex/amsfonts/umsa.fd)
(c:/texlive/2025/texmf-dist/tex/latex/amsfonts/umsb.fd)
Underfull \hbox (badness 1337) in paragraph at lines 37--38
[]|\TU/TimesNewRoman(0)/m/n/10 Multi images line: text on left, all

Overfull \hbox (12.8pt too wide) in alignment at lines 5--64
 [] [] [] 

Package fancyhdr Warning: \headheight is too small (12.0pt): 
(fancyhdr)                Make it at least 22.76219pt, for example:
(fancyhdr)                \setlength{\headheight}{22.76219pt}.
(fancyhdr)                You might also make \topmargin smaller:
(fancyhdr)                \addtolength{\topmargin}{-10.76219pt}.

[1])

Package fancyhdr Warning: \headheight is too small (12.0pt): 
(fancyhdr)                Make it at least 22.76219pt, for example:
(fancyhdr)                \setlength{\headheight}{22.76219pt}.
(fancyhdr)                You might also make \topmargin smaller:
(fancyhdr)                \addtolength{\topmargin}{-10.76219pt}.

[2] (./main.aux) )
(see the transcript file for additional information)
Output written on main.pdf (2 pages).
Transcript written on main.log.
